<?xml version="1.0" encoding="UTF-8"?>
<!-- Generated by org.testng.reporters.JUnitReportReporter -->
<testsuite hostname="LAPTOP-D02KHG01" name="AppResponse.AppResponse" tests="2" failures="0" timestamp="1 May 2019 14:07:07 GMT" time="129.347" errors="0">
  <testcase name="myResponse" time="35.449" classname="AppResponse.AppResponse"/>
  <testcase name="firstTest" time="93.898" classname="AppResponse.AppResponse"/>
</testsuite> <!-- AppResponse.AppResponse -->
